2024-03-12 10:51:06,452 - DEBUG - Using selector: KqueueSelector
2024-03-12 10:51:06,454 - DEBUG - Request sent: IAMAT kiwi.cs.ucla.edu +34.068930-118.445127 1710265866.45297
2024-03-12 10:51:06,456 - INFO - Got response AT Bona 0.0017058849334716797 kiwi.cs.ucla.edu +34.068930-118.445127 1710265866.45297

2024-03-12 10:51:06,456 - DEBUG - Request sent: WHATSAT kiwi.cs.ucla.edu 10 2
2024-03-12 10:51:06,705 - INFO - Got response {
    "html_attributions": [],
    "next_page_token": "ATplDJY8J7FdovP3NF6efOImqsHtz1JgakwzVg21NONX-cpnh-5FMwKxWb4TaouYp4UFu9DRX5lC65HJwQUutQUUq6UCb3cCKv2xByTyXynR2fIjiUJj9xZovv1thqu8QXnUPELo9IaqBwmOBlAzPCg6sUGH112YR5XKan02eF296Y05WqrcecdrXtahZ1aeEAcBzp7uLy-0dLDC8mwLrHxTUX2OMt0jPHBvPTL8UxfXmpsedJX1ly2oQYb9H0p5e029P48SzcxPXVmgCv-erR_QyB9CC5cjM2ZGe8XrdAW9wDQVW19JHQPRkmHAe8QJyfymFipkXjgrT2V0-QJnzVTVPb-QrEhsaKiWKvHVXx0YVfFneviDzJG29lhSHG4gvfwZqidgzT_5PUbyT5-PIg48o7BrlKEo3rZVnWDbNU2Nnas",
    "results": [
        {
            "geometry": {
                "location": {
                    "lat": 34.0549076,
                    "lng": -118.242643
                },
                "viewport": {
                    "northeast": {
                        "lat": 34.33730608759191,
                        "lng": -118.155289077463
                    },
                    "southwest": {
                        "lat": 33.70365193147634,
                        "lng": -118.6681759484859
                    }
                }
            },
            "icon": "https://maps.gstatic.com/mapfiles/place_api/icons/v1/png_71/geocode-71.png",
            "icon_background_color": "#7B9EB0",
            "icon_mask_base_uri": "https://maps.gstatic.com/mapfiles/place_api/icons/v2/generic_pinlet",
            "name": "Los Angeles",
            "photos": [
                {
                    "height": 533,
                    "html_attributions": [
                        "<a href=\"https://maps.google.com/maps/contrib/113235678621954790854\">Dhananjay Baghel</a>"
                    ],
                    "photo_reference": "ATplDJYmD_vSAPp7ZVhCSAow7sch6RMGh497lOv6E875wGuX2p6z_M8FAAoDaUAAAOK0lyDaE-C1QIQ1E-jHPF9AnGrZ-2TlxCgFmayioJtMg4cZsLYrMKZcl4XTYQLodKMqTe_t7Y75KDj0GsCHDC1EGVUbQztUnx0g1EVcVz_hGELG0ufx",
                    "width": 800
                }
            ],
            "place_id": "ChIJE9on3F3HwoAR9AhGJW_fL-I",
            "reference": "ChIJE9on3F3HwoAR9AhGJW_fL-I",
            "scope": "GOOGLE",
            "types": [
                "locality",
                "political"
            ],
            "vicinity": "Los Angeles"
        },
        {
            "business_status": "OPERATIONAL",
            "geometry": {
                "location": {
                    "lat": 34.0632746,
                    "lng": -118.4409504
                },
                "viewport": {
                    "northeast": {
                        "lat": 34.0646108802915,
                        "lng": -118.4398087197085
                    },
                    "southwest": {
                        "lat": 34.0619129197085,
                        "lng": -118.4425066802915
                    }
                }
            },
            "icon": "https://maps.gstatic.com/mapfiles/place_api/icons/v1/png_71/lodging-71.png",
            "icon_background_color": "#909CE1",
            "icon_mask_base_uri": "https://maps.gstatic.com/mapfiles/place_api/icons/v2/hotel_pinlet",
            "name": "W Los Angeles - West Beverly Hills",
            "photos": [
                {
                    "height": 320,
                    "html_attributions": [
                        "<a href=\"https://maps.google.com/maps/contrib/112226443518685790919\">W Los Angeles - West Beverly Hills</a>"
                    ],
                    "photo_reference": "ATplDJbami50xYnAHrkx5Laxj_vqCypoAaeB1gZCCpNJMv12hyfPpOevFAO_T3HdHUtGuPboEp5tq5tVSlHQFV3sZZBTyjbrUI1ZxcFhWIBm7eE_XER2t5iN01d8zASLP1TpYwp1PenW5FuXPA-_p0Tpc82p94GhRhb3rrVs67qvOsiEq7NP",
                    "width": 480
                }
            ],
            "place_id": "ChIJffYelYC8woARkChY4cQOzUM",
            "plus_code": {
                "compound_code": "3H75+8J Los Angeles, CA, USA",
                "global_code": "85633H75+8J"
            },
            "rating": 4.2,
            "reference": "ChIJffYelYC8woARkChY4cQOzUM",
            "scope": "GOOGLE",
            "types": [
                "lodging",
                "point_of_interest",
                "establishment"
            ],
            "user_ratings_total": 1336,
            "vicinity": "930 Hilgard Avenue, Los Angeles"
        }
    ],
    "status": "OK"
}

2024-03-12 11:08:48,321 - DEBUG - Using selector: KqueueSelector
2024-03-12 11:08:48,323 - DEBUG - Request sent: IAMAT kiwi.cs.ucla.edu +34.068930-118.445127 1710266928.321745
2024-03-12 11:08:48,326 - INFO - Got response AT Bona 0.002978086471557617 kiwi.cs.ucla.edu +34.068930-118.445127 1710266928.321745

2024-03-12 11:08:48,327 - DEBUG - Request sent: WHATSAT kiwi.cs.ucla.edu 10 2
2024-03-12 11:08:48,637 - INFO - Got response AT Campbell +1.00 kiwi.cs.ucla.edu +34.06893-118.445127 1710266928.321745
{
    "html_attributions": [],
    "next_page_token": "ATplDJb_7ldwjRiwLOtIE6DtznkUPzu_yvLaxAmkLh8mrCf5HlQj6Th_hyvnreV2eVS-8vtmFwxCZKNN_tgc2rhzM-ekSae5gQ1SwNbtTg_66Dtss00vF6ONnHV_rXioCCg4CJRwFWNb6GTOUUPwMvakAMuz6q5glVTcz9GTDssQWK23SOH_9XamaCzXFbIKchPnKmtpUeOcLUdxd5HkgkCbb8VjdZsbD9PoCyrqH1zGzSd5R1UyDhiCwsUbdBf7WwV0AZtZwk_HjbkYhwHXt7N7oz3NxXi0JR66BYeKGCPgnR4wvwZd3w57J-Jw0pkWaI-DhZiGu51uETD-0Gj5gqlLzU2ViWbeWW60pUDxe0hx8o2sK3BrpVkknfmmcWZAGhMoPGgzpGoOVsU313mHcNTsdCA_rZz4iaFBHweUwG_Ygrw",
    "results": [
        {
            "geometry": {
                "location": {
                    "lat": 34.0549076,
                    "lng": -118.242643
                },
                "viewport": {
                    "northeast": {
                        "lat": 34.33730608759191,
                        "lng": -118.155289077463
                    },
                    "southwest": {
                        "lat": 33.70365193147634,
                        "lng": -118.6681759484859
                    }
                }
            },
            "icon": "https://maps.gstatic.com/mapfiles/place_api/icons/v1/png_71/geocode-71.png",
            "icon_background_color": "#7B9EB0",
            "icon_mask_base_uri": "https://maps.gstatic.com/mapfiles/place_api/icons/v2/generic_pinlet",
            "name": "Los Angeles",
            "photos": [
                {
                    "height": 533,
                    "html_attributions": [
                        "<a href=\"https://maps.google.com/maps/contrib/113235678621954790854\">Dhananjay Baghel</a>"
                    ],
                    "photo_reference": "ATplDJZDgAza1DSAVN8giGSaqoEe-R5RJVgLz-ddvdrgM5wNs--iTlXlqziUSXqHyy5J_9IpC-BWWxkYB7V0KBLgHQLkMW7P5lQJBTcRd_SdQc8MuPaEPBspjzuYx5lzdU1kNq50v4oO5eZPRXff46psQ3TlnJvYG1y_cVJ9JkXaxeqyvXJq",
                    "width": 800
                }
            ],
            "place_id": "ChIJE9on3F3HwoAR9AhGJW_fL-I",
            "reference": "ChIJE9on3F3HwoAR9AhGJW_fL-I",
            "scope": "GOOGLE",
            "types": [
                "locality",
                "political"
            ],
            "vicinity": "Los Angeles"
        },
        {
            "business_status": "OPERATIONAL",
            "geometry": {
                "location": {
                    "lat": 34.0632746,
                    "lng": -118.4409504
                },
                "viewport": {
                    "northeast": {
                        "lat": 34.0646108802915,
                        "lng": -118.4398087197085
                    },
                    "southwest": {
                        "lat": 34.0619129197085,
                        "lng": -118.4425066802915
                    }
                }
            },
            "icon": "https://maps.gstatic.com/mapfiles/place_api/icons/v1/png_71/lodging-71.png",
            "icon_background_color": "#909CE1",
            "icon_mask_base_uri": "https://maps.gstatic.com/mapfiles/place_api/icons/v2/hotel_pinlet",
            "name": "W Los Angeles - West Beverly Hills",
            "photos": [
                {
                    "height": 320,
                    "html_attributions": [
                        "<a href=\"https://maps.google.com/maps/contrib/112226443518685790919\">W Los Angeles - West Beverly Hills</a>"
                    ],
                    "photo_reference": "ATplDJaKcdk9rfB7h9LxYr7GpqMM_EXhSpu6oQAxFjMRLzVm4113mcjE0iMG2mLZokWhTzI3MYWy35F1wDuAAblQ864XQLae-kpWhVJ1eqXAcu2dr9CpLe-J1x3s__k7nirZPzaDv28IXIescfgXM6u-8LvFVc6hZ69s-E__SMpNME32ORrk",
                    "width": 480
                }
            ],
            "place_id": "ChIJffYelYC8woARkChY4cQOzUM",
            "plus_code": {
                "compound_code": "3H75+8J Los Angeles, CA, USA",
                "global_code": "85633H75+8J"
            },
            "rating": 4.2,
            "reference": "ChIJffYelYC8woARkChY4cQOzUM",
            "scope": "GOOGLE",
            "types": [
                "lodging",
                "point_of_interest",
                "establishment"
            ],
            "user_ratings_total": 1336,
            "vicinity": "930 Hilgard Avenue, Los Angeles"
        }
    ],
    "status": "OK"
}

