2024-03-11 01:30:35,500 - DEBUG - Using selector: KqueueSelector
2024-03-11 01:30:39,076 - INFO - Client established connection.
2024-03-11 01:30:39,076 - DEBUG - About to read
2024-03-11 01:30:39,076 - DEBUG - Received request
2024-03-11 01:30:39,076 - INFO - request is IAMAT kiwi.cs.ucla.edu +34.068930-118.445127 1621464827.959498503
2024-03-11 01:30:39,076 - INFO - Processing IAMAT
2024-03-11 01:30:39,077 - INFO - Response sent
2024-03-11 01:30:39,077 - DEBUG - About to read
2024-03-11 01:30:39,077 - DEBUG - Received request
2024-03-11 01:30:39,077 - INFO - request is WHATSAT kiwi.cs.ucla.edu 10 5
2024-03-11 01:30:39,077 - INFO - Processsing WHATSAT
2024-03-11 01:30:39,597 - INFO - 200
2024-03-11 01:30:39,631 - INFO - {
    "html_attributions": [],
    "next_page_token": "ATplDJbCfWNxFzM7wlZWergN6sz49QQRXiYGbd2_1BXFCSO4T_WUNhlVsyuPAAQIlXpL6kdHMPTeBPN-vl-Q66DHT4gFxxjT5HV8NvqwT9JSI3-rFj1S5FbUhW5pnf_mD4FQBOYWspLpk5Z1ZaF2d0zxs2nkWuvcaziPTv9YqzZ8RJhE3coN26I0NqjlVQjYkbLthdavkUtza168LDIMOSUoqny32qzeiSYGBHmd6bxlzImv9ipcHFDFXa8qDn_-4Bwy9IeaUQ7lQofKQZwl7WOncSHz5mWRSY0Acmq8moGGpmkXL42x6-TWyAYHwTftnJhzGl4dOpyiBn2Fqx0K_ZPzpFnzQprgm5vBlDiy7gF8g4_YYziLb7R0bFGeKE2IDK3zfnE0hTefZdBmaLYMBaG379yj9nheMtXz3x3_nzapGmF4",
    "results": [
        {
            "geometry": {
                "location": {
                    "lat": 34.0549076,
                    "lng": -118.242643
                },
                "viewport": {
                    "northeast": {
                        "lat": 34.33730608759191,
                        "lng": -118.155289077463
                    },
                    "southwest": {
                        "lat": 33.70365193147634,
                        "lng": -118.6681759484859
                    }
                }
            },
            "icon": "https://maps.gstatic.com/mapfiles/place_api/icons/v1/png_71/geocode-71.png",
            "icon_background_color": "#7B9EB0",
            "icon_mask_base_uri": "https://maps.gstatic.com/mapfiles/place_api/icons/v2/generic_pinlet",
            "name": "Los Angeles",
            "photos": [
                {
                    "height": 533,
                    "html_attributions": [
                        "<a href=\"https://maps.google.com/maps/contrib/113235678621954790854\">Dhananjay Baghel</a>"
                    ],
                    "photo_reference": "ATplDJYN4C_lzdDR3iU5AGVKF3EspsaVQkSRHc25HXAGq1Q93cSV2E0-eqH5jeNFsXmVefAaUkvkMuQZ96PcOiReiWbaeTr0SviIJec2Ivva434Ir4ZwXxTejWjXV2ICBvYzjaJy1jDZUTon9IeYFxSySDgSRrVEB38Q-g9lQAhulk_fV8n8",
                    "width": 800
                }
            ],
            "place_id": "ChIJE9on3F3HwoAR9AhGJW_fL-I",
            "reference": "ChIJE9on3F3HwoAR9AhGJW_fL-I",
            "scope": "GOOGLE",
            "types": [
                "locality",
                "political"
            ],
            "vicinity": "Los Angeles"
        },
        {
            "business_status": "OPERATIONAL",
            "geometry": {
                "location": {
                    "lat": 34.0632746,
                    "lng": -118.4409504
                },
                "viewport": {
                    "northeast": {
                        "lat": 34.0646108802915,
                        "lng": -118.4398087197085
                    },
                    "southwest": {
                        "lat": 34.0619129197085,
                        "lng": -118.4425066802915
                    }
                }
            },
            "icon": "https://maps.gstatic.com/mapfiles/place_api/icons/v1/png_71/lodging-71.png",
            "icon_background_color": "#909CE1",
            "icon_mask_base_uri": "https://maps.gstatic.com/mapfiles/place_api/icons/v2/hotel_pinlet",
            "name": "W Los Angeles - West Beverly Hills",
            "photos": [
                {
                    "height": 320,
                    "html_attributions": [
                        "<a href=\"https://maps.google.com/maps/contrib/112226443518685790919\">W Los Angeles - West Beverly Hills</a>"
                    ],
                    "photo_reference": "ATplDJaIoRHqj8Y0XYVS12xSPWZ9bgPgSGdQZgWrcBU1ZfcEH78U-kl-FXBPw1FjKtGWY8leG22b92eBLnTK5fDWbTMYJ0ttorfe7xTXB0NGG16lekrRqAWPbFpuWPUmsosLHy2hViK3L4I7BcInhVkTO33VtNZt4mx6_HMcBA08jJr-I9qm",
                    "width": 480
                }
            ],
            "place_id": "ChIJffYelYC8woARkChY4cQOzUM",
            "plus_code": {
                "compound_code": "3H75+8J Los Angeles, CA, USA",
                "global_code": "85633H75+8J"
            },
            "rating": 4.2,
            "reference": "ChIJffYelYC8woARkChY4cQOzUM",
            "scope": "GOOGLE",
            "types": [
                "lodging",
                "point_of_interest",
                "establishment"
            ],
            "user_ratings_total": 1336,
            "vicinity": "930 Hilgard Avenue, Los Angeles"
        },
        {
            "business_status": "OPERATIONAL",
            "geometry": {
                "location": {
                    "lat": 34.0606386,
                    "lng": -118.4429771
                },
                "viewport": {
                    "northeast": {
                        "lat": 34.0620311302915,
                        "lng": -118.4417359197085
                    },
                    "southwest": {
                        "lat": 34.0593331697085,
                        "lng": -118.4444338802915
                    }
                }
            },
            "icon": "https://maps.gstatic.com/mapfiles/place_api/icons/v1/png_71/lodging-71.png",
            "icon_background_color": "#909CE1",
            "icon_mask_base_uri": "https://maps.gstatic.com/mapfiles/place_api/icons/v2/hotel_pinlet",
            "name": "Royal Palace Westwood Hotel",
            "opening_hours": {
                "open_now": true
            },
            "photos": [
                {
                    "height": 1836,
                    "html_attributions": [
                        "<a href=\"https://maps.google.com/maps/contrib/107513054366925301603\">Jose Solorio Gonzalez</a>"
                    ],
                    "photo_reference": "ATplDJZ1B9ptdy3nnF4jOA9dTmYWsW6jD2KbG2MX87yRdLtC7SsCAycPp9hoaLdV_oPr9-I336vJWJ-B3-Wnq4Z0hV0fG7lQ4Wew2d5ZWJhMUnOhXO_WmI7OcY47i4aQ94gX6qGOSt1fGGGfiV3bhSj49S6Aj50piQ2NA1PRfosVektpo_Vh",
                    "width": 3264
                }
            ],
            "place_id": "ChIJ36i1toG8woARHcjs6P2eCkU",
            "plus_code": {
                "compound_code": "3H64+7R Los Angeles, CA, USA",
                "global_code": "85633H64+7R"
            },
            "rating": 4.3,
            "reference": "ChIJ36i1toG8woARHcjs6P2eCkU",
            "scope": "GOOGLE",
            "types": [
                "lodging",
                "point_of_interest",
                "establishment"
            ],
            "user_ratings_total": 323,
            "vicinity": "1052 Tiverton Avenue, Los Angeles"
        },
        {
            "business_status": "OPERATIONAL",
            "geometry": {
                "location": {
                    "lat": 34.0677284,
                    "lng": -118.4260329
                },
                "viewport": {
                    "northeast": {
                        "lat": 34.06895858029149,
                        "lng": -118.4244877697085
                    },
                    "southwest": {
                        "lat": 34.0662606197085,
                        "lng": -118.4271857302915
                    }
                }
            },
            "icon": "https://maps.gstatic.com/mapfiles/place_api/icons/v1/png_71/lodging-71.png",
            "icon_background_color": "#909CE1",
            "icon_mask_base_uri": "https://maps.gstatic.com/mapfiles/place_api/icons/v2/hotel_pinlet",
            "name": "Beverly Hills Plaza Hotel & Spa",
            "opening_hours": {
                "open_now": true
            },
            "photos": [
                {
                    "height": 3024,
                    "html_attributions": [
                        "<a href=\"https://maps.google.com/maps/contrib/117181617125728136112\">Yana Berkovich</a>"
                    ],
                    "photo_reference": "ATplDJZmpe9_qgW7lDDzQH9gD_mvMjbF94aW8HnLoaz_y-E4TiIglovMHfDWs9GUkJZNbq_kuB284PQrLjsOpfhOZWfO10JTMo88zDD9qK643rIY37smRcjdqvWR2pFaUjJ1R5L4UmYJDaousXidE5CHQwHcJcMZ6dChb7iVS8I2q74qYg9T",
                    "width": 4032
                }
            ],
            "place_id": "ChIJ5ZA1I3e8woARBzIurF6K3vU",
            "plus_code": {
                "compound_code": "3H9F+3H Los Angeles, CA, USA",
                "global_code": "85633H9F+3H"
            },
            "rating": 4.3,
            "reference": "ChIJ5ZA1I3e8woARBzIurF6K3vU",
            "scope": "GOOGLE",
            "types": [
                "lodging",
                "point_of_interest",
                "establishment"
            ],
            "user_ratings_total": 496,
            "vicinity": "10300 Wilshire Boulevard, Los Angeles"
        },
        {
            "business_status": "OPERATIONAL",
            "geometry": {
                "location": {
                    "lat": 34.0699182,
                    "lng": -118.4438495
                },
                "viewport": {
                    "northeast": {
                        "lat": 34.08369004999999,
                        "lng": -118.42986535
                    },
                    "southwest": {
                        "lat": 34.05716345,
                        "lng": -118.46288875
                    }
                }
            },
            "icon": "https://maps.gstatic.com/mapfiles/place_api/icons/v1/png_71/school-71.png",
            "icon_background_color": "#7B9EB0",
            "icon_mask_base_uri": "https://maps.gstatic.com/mapfiles/place_api/icons/v2/school_pinlet",
            "name": "University of California, Los Angeles",
            "photos": [
                {
                    "height": 3024,
                    "html_attributions": [
                        "<a href=\"https://maps.google.com/maps/contrib/116588423382001905921\">guy electric</a>"
                    ],
                    "photo_reference": "ATplDJYaFIWZ_lNh1cNdl-TQrveVVHfUtp1ScPrt1X9q8bru4EaQFwMt7iAo-KHOsb-LbZ_tBRJaHJ70mnohNqD9PLLdwFKaQXfzyvoOXgnyoiM45ZczaH-71Zs7G-EtTVEyCAGI8dL3Aw_CvhKTKZfynmPGzcnTv7HJ6WMk4W8WwKd6MdB2",
                    "width": 4032
                }
            ],
            "place_id": "ChIJZQ9c8IW8woARN0gTXFiTqSU",
            "plus_code": {
                "compound_code": "3H94+XF Los Angeles, CA, USA",
                "global_code": "85633H94+XF"
            },
            "rating": 4.6,
            "reference": "ChIJZQ9c8IW8woARN0gTXFiTqSU",
            "scope": "GOOGLE",
            "types": [
                "university",
                "point_of_interest",
                "establishment"
            ],
            "user_ratings_total": 2400,
            "vicinity": "Los Angeles"
        }
    ],
    "status": "OK"
}
2024-03-11 01:30:39,631 - DEBUG - About to read
2024-03-11 01:30:39,633 - DEBUG - Received request
2024-03-11 01:30:39,633 - INFO - request is FLUFFYDOG
2024-03-11 01:30:39,633 - DEBUG - About to read
2024-03-11 01:30:39,633 - DEBUG - Received request
2024-03-11 01:30:39,633 - INFO - Request is None
2024-03-11 01:30:39,634 - INFO - Closing the connection.
2024-03-11 01:31:13,437 - DEBUG - Using selector: KqueueSelector
2024-03-11 01:31:15,353 - INFO - Client established connection.
2024-03-11 01:31:15,353 - DEBUG - About to read
2024-03-11 01:31:15,353 - DEBUG - Received request
2024-03-11 01:31:15,353 - INFO - request is IAMAT kiwi.cs.ucla.edu +34.068930-118.445127 1621464827.959498503
2024-03-11 01:31:15,353 - INFO - Processing IAMAT
2024-03-11 01:31:15,353 - INFO - Response sent
2024-03-11 01:31:15,353 - DEBUG - About to read
2024-03-11 01:31:15,353 - DEBUG - Received request
2024-03-11 01:31:15,353 - INFO - request is WHATSAT kiwi.cs.ucla.edu 10 5
2024-03-11 01:31:15,353 - INFO - Processsing WHATSAT
2024-03-11 01:31:15,795 - INFO - 200
2024-03-11 01:31:15,877 - DEBUG - About to read
2024-03-11 01:31:15,878 - DEBUG - Received request
2024-03-11 01:31:15,878 - INFO - request is FLUFFYDOG
2024-03-11 01:31:15,878 - DEBUG - About to read
2024-03-11 01:31:15,879 - DEBUG - Received request
2024-03-11 01:31:15,879 - INFO - Request is None
2024-03-11 01:31:15,879 - INFO - Closing the connection.
2024-03-11 01:31:16,804 - INFO - Client established connection.
2024-03-11 01:31:16,804 - DEBUG - About to read
2024-03-11 01:31:16,804 - DEBUG - Received request
2024-03-11 01:31:16,804 - INFO - request is IAMAT kiwi.cs.ucla.edu +34.068930-118.445127 1621464827.959498503
2024-03-11 01:31:16,804 - INFO - Processing IAMAT
2024-03-11 01:31:16,804 - INFO - Response sent
2024-03-11 01:31:16,804 - DEBUG - About to read
2024-03-11 01:31:16,804 - DEBUG - Received request
2024-03-11 01:31:16,804 - INFO - request is WHATSAT kiwi.cs.ucla.edu 10 5
2024-03-11 01:31:16,804 - INFO - Processsing WHATSAT
2024-03-11 01:31:17,051 - INFO - 200
2024-03-11 01:31:17,109 - DEBUG - About to read
2024-03-11 01:31:17,109 - DEBUG - Received request
2024-03-11 01:31:17,109 - INFO - request is FLUFFYDOG
2024-03-11 01:31:17,109 - DEBUG - About to read
2024-03-11 01:31:17,109 - DEBUG - Received request
2024-03-11 01:31:17,109 - INFO - Request is None
2024-03-11 01:31:17,109 - INFO - Closing the connection.
