2024-03-12 00:07:57,987 - Bailey - DEBUG - Server online.
2024-03-12 00:08:20,001 - Bona - DEBUG - Server online.
2024-03-12 00:08:47,887 - Bailey - INFO - Client established connection.
2024-03-12 00:08:47,888 - Bailey - INFO - Processing IAMAT
2024-03-12 00:08:47,888 - Bailey - DEBUG - Handling add_client kiwi.cs.ucla.edu +34.068930-118.445127 1710227327.886015
2024-03-12 00:08:47,888 - Bailey - DEBUG - [34.06893, -118.445127]
2024-03-12 00:08:47,888 - Bailey - DEBUG - Hash Table Updated.
2024-03-12 00:08:47,888 - Bailey - DEBUG - Begins notifying friends.
2024-03-12 00:08:47,889 - Bailey - DEBUG - Server friend Bona doesn't know!
2024-03-12 00:08:47,889 - Bailey - DEBUG - Friend online, sending update to Bona
2024-03-12 00:08:47,890 - Bailey - DEBUG - Server friend Campbell doesn't know!
2024-03-12 00:08:47,890 - Bailey - DEBUG - Friend online, sending update to Campbell
2024-03-12 00:08:47,890 - Bailey - DEBUG - Writing Response UPDATE kiwi.cs.ucla.edu +34.068930-118.445127 1710227327.886015 Bailey

2024-03-12 00:08:47,890 - Bona - INFO - Client established connection.
2024-03-12 00:08:47,890 - Bailey - DEBUG - Response sent
2024-03-12 00:08:47,890 - Bailey - DEBUG - Writing Response UPDATE kiwi.cs.ucla.edu +34.068930-118.445127 1710227327.886015 Bailey

2024-03-12 00:08:47,890 - Bailey - DEBUG - Response sent
2024-03-12 00:08:47,890 - Bona - DEBUG - Handling add_client kiwi.cs.ucla.edu +34.068930-118.445127 1710227327.886015
2024-03-12 00:08:47,890 - Bailey - DEBUG - Writer closed here.
2024-03-12 00:08:47,890 - Bailey - DEBUG - Writer closed here.
2024-03-12 00:08:47,890 - Bailey - DEBUG - All friends notified
2024-03-12 00:08:47,890 - Bona - DEBUG - [34.06893, -118.445127]
2024-03-12 00:08:47,891 - Bona - DEBUG - Begins notifying friends.
2024-03-12 00:08:47,891 - Bona - DEBUG - Server friend Clark doesn't know!
2024-03-12 00:08:47,891 - Bona - DEBUG - Server friend Campbell doesn't know!
2024-03-12 00:08:47,891 - Bona - DEBUG - Friend online, sending update to Campbell
2024-03-12 00:08:47,892 - Bona - DEBUG - Writing Response UPDATE kiwi.cs.ucla.edu +34.068930-118.445127 1710227327.886015 BaileyBona

2024-03-12 00:08:47,892 - Bona - DEBUG - Response sent
2024-03-12 00:08:47,892 - Bona - DEBUG - Writer closed here.
2024-03-12 00:08:47,892 - Bona - DEBUG - All friends notified
2024-03-12 00:08:47,897 - Bona - INFO - Client established connection.
2024-03-12 00:10:41,111 - Bona - DEBUG - Server online.
2024-03-12 10:50:22,735 - Bailey - INFO - Client established connection.
2024-03-12 10:50:22,736 - Bailey - INFO - Client established connection.
2024-03-12 10:50:22,737 - Bailey - DEBUG - Handling add_client kiwi.cs.ucla.edu +34.068930-118.445127 1710265822.727384
2024-03-12 10:50:22,737 - Bailey - DEBUG - [34.06893, -118.445127]
2024-03-12 10:50:22,737 - Bailey - DEBUG - Begins notifying friends.
2024-03-12 10:50:22,738 - Bailey - DEBUG - Server friend Campbell doesn't know!
2024-03-12 10:50:22,738 - Bailey - DEBUG - Friend online, sending update to Campbell
2024-03-12 10:50:22,738 - Bailey - DEBUG - Writing Response UPDATE kiwi.cs.ucla.edu +34.068930-118.445127 1710265822.727384 BonaBailey

2024-03-12 10:50:22,738 - Bailey - DEBUG - Response sent
2024-03-12 10:50:22,739 - Bailey - DEBUG - Writer closed here.
2024-03-12 10:50:22,739 - Bailey - DEBUG - All friends notified
2024-03-12 10:50:37,432 - Bailey - INFO - Client established connection.
2024-03-12 10:50:37,432 - Bailey - DEBUG - Handling add_client kiwi.cs.ucla.edu +34.068930-118.445127 1710265837.429607
2024-03-12 10:50:37,432 - Bailey - DEBUG - [34.06893, -118.445127]
2024-03-12 10:50:37,432 - Bailey - DEBUG - Begins notifying friends.
2024-03-12 10:50:37,433 - Bailey - INFO - Client established connection.
2024-03-12 10:50:37,433 - Bailey - DEBUG - Server friend Campbell doesn't know!
2024-03-12 10:50:37,433 - Bailey - DEBUG - Friend online, sending update to Campbell
2024-03-12 10:50:37,433 - Bailey - DEBUG - Writing Response UPDATE kiwi.cs.ucla.edu +34.068930-118.445127 1710265837.429607 BonaBailey

2024-03-12 10:50:37,433 - Bailey - DEBUG - Response sent
2024-03-12 10:50:37,434 - Bailey - DEBUG - Writer closed here.
2024-03-12 10:50:37,434 - Bailey - DEBUG - All friends notified
2024-03-12 10:50:50,572 - Bailey - INFO - Client established connection.
2024-03-12 10:50:50,572 - Bailey - DEBUG - Handling add_client kiwi.cs.ucla.edu +34.068930-118.445127 1710265850.568304
2024-03-12 10:50:50,572 - Bailey - DEBUG - [34.06893, -118.445127]
2024-03-12 10:50:50,572 - Bailey - DEBUG - Begins notifying friends.
2024-03-12 10:50:50,573 - Bailey - INFO - Client established connection.
2024-03-12 10:50:50,573 - Bailey - DEBUG - Server friend Campbell doesn't know!
2024-03-12 10:50:50,573 - Bailey - DEBUG - Friend online, sending update to Campbell
2024-03-12 10:50:50,574 - Bailey - DEBUG - Writing Response UPDATE kiwi.cs.ucla.edu +34.068930-118.445127 1710265850.568304 BonaBailey

2024-03-12 10:50:50,574 - Bailey - DEBUG - Response sent
2024-03-12 10:50:50,574 - Bailey - DEBUG - Writer closed here.
2024-03-12 10:50:50,574 - Bailey - DEBUG - All friends notified
2024-03-12 10:51:06,456 - Bailey - INFO - Client established connection.
2024-03-12 10:51:06,456 - Bailey - DEBUG - Handling add_client kiwi.cs.ucla.edu +34.068930-118.445127 1710265866.45297
2024-03-12 10:51:06,456 - Bailey - DEBUG - [34.06893, -118.445127]
2024-03-12 10:51:06,456 - Bailey - DEBUG - Begins notifying friends.
2024-03-12 10:51:06,457 - Bailey - INFO - Client established connection.
2024-03-12 10:51:06,457 - Bailey - DEBUG - Server friend Campbell doesn't know!
2024-03-12 10:51:06,457 - Bailey - DEBUG - Friend online, sending update to Campbell
2024-03-12 10:51:06,457 - Bailey - DEBUG - Writing Response UPDATE kiwi.cs.ucla.edu +34.068930-118.445127 1710265866.45297 BonaBailey

2024-03-12 10:51:06,457 - Bailey - DEBUG - Response sent
2024-03-12 10:51:06,458 - Bailey - DEBUG - Writer closed here.
2024-03-12 10:51:06,458 - Bailey - DEBUG - All friends notified
2024-03-12 11:08:48,329 - Bailey - INFO - Client established connection.
2024-03-12 11:08:48,329 - Bailey - INFO - Client established connection.
2024-03-12 11:08:48,330 - Bailey - DEBUG - Handling add_client kiwi.cs.ucla.edu +34.068930-118.445127 1710266928.321745
2024-03-12 11:08:48,330 - Bailey - DEBUG - [34.06893, -118.445127]
2024-03-12 11:08:48,330 - Bailey - DEBUG - Begins notifying friends.
2024-03-12 11:08:48,331 - Bailey - DEBUG - Server friend Campbell doesn't know!
2024-03-12 11:08:48,331 - Bailey - DEBUG - Friend online, sending update to Campbell
2024-03-12 11:08:48,331 - Bailey - DEBUG - Writing Response UPDATE kiwi.cs.ucla.edu +34.068930-118.445127 1710266928.321745 BonaBailey

2024-03-12 11:08:48,331 - Bailey - DEBUG - Response sent
2024-03-12 11:08:48,331 - Bailey - DEBUG - Writer closed here.
2024-03-12 11:08:48,331 - Bailey - DEBUG - All friends notified
