2024-03-12 11:35:07,066 - Bona - INFO - Input: IAMAT kiwi.cs.ucla.edu +34.068930-118.445127 1710268507.06433
2024-03-12 11:35:07,066 - Bona - INFO - Processing IAMAT
2024-03-12 11:35:07,066 - Bona - DEBUG - Handling add_client kiwi.cs.ucla.edu +34.068930-118.445127 1710268507.06433
2024-03-12 11:35:07,066 - Bona - DEBUG - [34.06893, -118.445127]
2024-03-12 11:35:07,066 - Bona - DEBUG - Hash Table Updated.
2024-03-12 11:35:07,066 - Bona - DEBUG - Begins notifying friends.
2024-03-12 11:35:07,066 - Bona - DEBUG - Server friend Clark doesn't know!
2024-03-12 11:35:07,066 - Bona - DEBUG - Friend online, sending update to Clark
2024-03-12 11:35:07,067 - Bona - DEBUG - Server friend Campbell doesn't know!
2024-03-12 11:35:07,067 - Bona - DEBUG - Friend online, sending update to Campbell
2024-03-12 11:35:07,067 - Bona - DEBUG - Server friend Bailey doesn't know!
2024-03-12 11:35:07,067 - Bona - DEBUG - Friend online, sending update to Bailey
2024-03-12 11:35:07,067 - Bona - DEBUG - Writing Response UPDATE kiwi.cs.ucla.edu +34.068930-118.445127 1710268507.06433 Bona
2024-03-12 11:35:07,067 - Bona - DEBUG - Writing Response UPDATE kiwi.cs.ucla.edu +34.068930-118.445127 1710268507.06433 Bona
2024-03-12 11:35:07,068 - Bona - DEBUG - Writing Response UPDATE kiwi.cs.ucla.edu +34.068930-118.445127 1710268507.06433 Bona
2024-03-12 11:35:07,068 - Clark - INFO - Input: UPDATE kiwi.cs.ucla.edu +34.068930-118.445127 1710268507.06433 Bona
2024-03-12 11:35:07,068 - Campbell - INFO - Input: UPDATE kiwi.cs.ucla.edu +34.068930-118.445127 1710268507.06433 Bona
2024-03-12 11:35:07,068 - Clark - DEBUG - Handling add_client kiwi.cs.ucla.edu +34.068930-118.445127 1710268507.06433
2024-03-12 11:35:07,068 - Bona - DEBUG - All friends notified
2024-03-12 11:35:07,068 - Campbell - DEBUG - Handling add_client kiwi.cs.ucla.edu +34.068930-118.445127 1710268507.06433
2024-03-12 11:35:07,068 - Clark - DEBUG - [34.06893, -118.445127]
2024-03-12 11:35:07,068 - Campbell - DEBUG - [34.06893, -118.445127]
2024-03-12 11:35:07,068 - Clark - DEBUG - Begins notifying friends.
2024-03-12 11:35:07,068 - Campbell - DEBUG - Begins notifying friends.
2024-03-12 11:35:07,068 - Clark - DEBUG - Server friend Jaquez doesn't know!
2024-03-12 11:35:07,068 - Clark - DEBUG - Friend not online, skipping.
2024-03-12 11:35:07,068 - Clark - DEBUG - All friends notified
2024-03-12 11:35:07,069 - Campbell - DEBUG - Server friend Bailey doesn't know!
2024-03-12 11:35:07,069 - Campbell - DEBUG - Friend online, sending update to Bailey
2024-03-12 11:35:07,069 - Campbell - DEBUG - Server friend Jaquez doesn't know!
2024-03-12 11:35:07,069 - Campbell - DEBUG - Friend not online, skipping.
2024-03-12 11:35:07,069 - Campbell - INFO - Input: WHATSAT kiwi.cs.ucla.edu 10 2
2024-03-12 11:35:07,069 - Campbell - INFO - Processsing WHATSAT
2024-03-12 11:35:07,070 - Campbell - DEBUG - Google Places API call is https://maps.googleapis.com/maps/api/place/nearbysearch/json?location=34.06893%2c-118.445127&radius=10000&key=
2024-03-12 11:35:07,080 - Campbell - DEBUG - Writing Response UPDATE kiwi.cs.ucla.edu +34.068930-118.445127 1710268507.06433 BonaCampbell
2024-03-12 11:35:07,083 - Campbell - INFO - Input: UPDATE kiwi.cs.ucla.edu +34.068930-118.445127 1710268507.06433 BonaBailey
2024-03-12 11:35:07,083 - Campbell - DEBUG - All friends notified
2024-03-12 11:35:07,275 - Campbell - INFO - Google Places API returns 200
